make[2]: Entering directory '/buildd/sources'
make[3]: Entering directory '/buildd/sources/out'
  GEN     ./Makefile
scripts/kconfig/conf  --silentoldconfig Kconfig
  CHK     include/config/kernel.release
  UPD     include/config/kernel.release
  GEN     ./Makefile
  CHK     include/generated/uapi/linux/version.h
  WRAP    arch/arm64/include/generated/uapi/asm/errno.h
  UPD     include/generated/uapi/linux/version.h
  WRAP    arch/arm64/include/generated/uapi/asm/ioctl.h
  WRAP    arch/arm64/include/generated/uapi/asm/ioctls.h
  WRAP    arch/arm64/include/generated/uapi/asm/ipcbuf.h
  WRAP    arch/arm64/include/generated/uapi/asm/kvm_para.h
  WRAP    arch/arm64/include/generated/uapi/asm/mman.h
  WRAP    arch/arm64/include/generated/uapi/asm/msgbuf.h
  WRAP    arch/arm64/include/generated/uapi/asm/poll.h
  WRAP    arch/arm64/include/generated/uapi/asm/resource.h
  WRAP    arch/arm64/include/generated/uapi/asm/sembuf.h
  WRAP    arch/arm64/include/generated/uapi/asm/shmbuf.h
  WRAP    arch/arm64/include/generated/uapi/asm/socket.h
  WRAP    arch/arm64/include/generated/uapi/asm/sockios.h
  WRAP    arch/arm64/include/generated/uapi/asm/swab.h
  WRAP    arch/arm64/include/generated/uapi/asm/termbits.h
  WRAP    arch/arm64/include/generated/uapi/asm/termios.h
  WRAP    arch/arm64/include/generated/uapi/asm/types.h
  CHK     include/generated/utsrelease.h
  UPD     include/generated/utsrelease.h
rm -f dtboimg.cfg.tmp
echo /buildd/sources/out/arch/arm64/boot/dts/mediatek/oppo6785_20682.dtbo >>dtboimg.cfg.tmp; echo " id=0" >>dtboimg.cfg.tmp;  echo /buildd/sources/out/arch/arm64/boot/dts/mediatek/oppo6785_20684.dtbo >>dtboimg.cfg.tmp; echo " id=1" >>dtboimg.cfg.tmp;  echo /buildd/sources/out/arch/arm64/boot/dts/mediatek/oppo6785_19661.dtbo >>dtboimg.cfg.tmp; echo " id=2" >>dtboimg.cfg.tmp; 
rm -f dtbimg.cfg.tmp
  HOSTCC  scripts/basic/fixdep
if ! cmp -s dtboimg.cfg.tmp dtboimg.cfg; then \
	mv dtboimg.cfg.tmp dtboimg.cfg; \
else \
	rm dtboimg.cfg.tmp; \
fi
echo /buildd/sources/out/arch/arm64/boot/mtk.dtb >>dtbimg.cfg.tmp; echo " id=0" >>dtbimg.cfg.tmp; 
if ! cmp -s dtbimg.cfg.tmp dtbimg.cfg; then \
	mv dtbimg.cfg.tmp dtbimg.cfg; \
else \
	rm dtbimg.cfg.tmp; \
fi
  HOSTCC  scripts/basic/bin2c
../drivers/tee/Makefile:4: "tee config----- CONFIG_TEE: Y"
../drivers/tee/Makefile:5: "tee config----- CONFIG_TRUSTONIC_TEE_SUPPORT: Y"
../drivers/tee/Makefile:6: "tee config----- CONFIG_TRUSTONIC_TEE_VERSION: "500""
  Using .. as source for kernel
FDVT: Drv use 5.0 folder
..
..
..
  WRAP    arch/arm64/include/generated/asm/bugs.h
..
  WRAP    arch/arm64/include/generated/asm/clkdev.h
  WRAP    arch/arm64/include/generated/asm/delay.h
..
  WRAP    arch/arm64/include/generated/asm/div64.h
..
  WRAP    arch/arm64/include/generated/asm/dma.h
  WRAP    arch/arm64/include/generated/asm/dma-contiguous.h
  WRAP    arch/arm64/include/generated/asm/early_ioremap.h
  WRAP    arch/arm64/include/generated/asm/hw_irq.h
  WRAP    arch/arm64/include/generated/asm/emergency-restart.h
  WRAP    arch/arm64/include/generated/asm/irq_regs.h
os option: linux
$MTK_PLATFORM is [mt6785]
$WLAN_CHIP_ID is [6785]
$MTK_COMBO_CHIP is [CONNAC]
  WRAP    arch/arm64/include/generated/asm/kdebug.h
../drivers/misc/mediatek/connectivity/wlan/core/gen4m/Makefile:423: wlan_6785_axi build-in boot.img
  WRAP    arch/arm64/include/generated/asm/local.h
  WRAP    arch/arm64/include/generated/asm/kmap_types.h
  WRAP    arch/arm64/include/generated/asm/local64.h
MTK_GPU_VERSION 1 = mali
  WRAP    arch/arm64/include/generated/asm/mcs_spinlock.h
  WRAP    arch/arm64/include/generated/asm/mm-arch-hooks.h
../drivers/misc/mediatek/connectivity/wlan/adaptor/Makefile:53: wmt_chrdev_wifi build-in boot.img
  WRAP    arch/arm64/include/generated/asm/msi.h
  WRAP    arch/arm64/include/generated/asm/preempt.h
  WRAP    arch/arm64/include/generated/asm/rwsem.h
*GPU CONFIG_MTK_FREQ_HOPPING = Y
*GPU MT_GPUFREQ_BRINGUP = 0
*GPU MT_GPUFREQ_GED_READY = 1
*GPU MT_GPUFREQ_KICKER_PBM_READY = 1
*GPU MT_GPUFREQ_STATIC_PWR_READY2USE = 1
*GPU MT_GPUFREQ_LOW_BATT_VOLT_PROTECT = 1
*GPU MT_GPUFREQ_BATT_PERCENT_PROTECT = 1
*GPU MT_GPUFREQ_BATT_OC_PROTECT = 1
*GPU MT_GPUFREQ_DYNAMIC_POWER_TABLE_UPDATE = 1
*GPU MT_GPUFREQ_SETTLE_TIME_PROFILE = 0
  WRAP    arch/arm64/include/generated/asm/segment.h
  WRAP    arch/arm64/include/generated/asm/serial.h
  WRAP    arch/arm64/include/generated/asm/set_memory.h
  WRAP    arch/arm64/include/generated/asm/sizes.h
  WRAP    arch/arm64/include/generated/asm/switch_to.h
  WRAP    arch/arm64/include/generated/asm/trace_clock.h
  WRAP    arch/arm64/include/generated/asm/unaligned.h
  WRAP    arch/arm64/include/generated/asm/user.h
  WRAP    arch/arm64/include/generated/asm/vga.h
imgsensor drv by common ../common/v1_1/imx682_mipi_raw/ ../common/v1_1/s5kgm1sp_mipi_raw/ ../common/v1_1/sarter_qtech_main_s5kgm1sp/ ../common/v1_1/imx471_mipi_raw1/ ../common/v1_1/ov8856_mipi_raw/ ../common/v1_1/ov02b10_mipi_raw/ ../common/v1_1/ov02b1b_mipi_mono/ ../common/v1_1/s5kgw1_mipi_raw/ ../common/v1_1/s5k3p9sp_mipi_raw/ ../common/v1_1/gc2375h_mipi_raw_19661/ ../common/v1_1/gc02m0_mipi_mono/ ../common/v1_1/gc02k0_mipi_raw/ ../common/v1_1/salaa_qtech_main_s5kgm1sp/ ../common/v1_1/sala_wide_ov8856/
imgsensor drv by platform 
************  drivers/trusty/mtee-kree mk ************
*MTK_GPU_VERSION 2 = bifrost
*MTK_GPU_VERSION 3 = r36p0
mali MTK evironment, building r36p0 DDK
mtk-Kbuild CONFIG_MALI_PLATFORM_THIRDPARTY := y
mtk-Kbuild CONFIG_MALI_PLATFORM_THIRDPARTY_NAME := "mt6785"
*GPU defined GPU BM QoS 2.0
mali MTK evironment, building r36p0 DDK
mtk-Kbuild CONFIG_MALI_PLATFORM_THIRDPARTY := y
mtk-Kbuild CONFIG_MALI_PLATFORM_THIRDPARTY_NAME := "mt6785"
*GPU defined GPU BM QoS 2.0
TCORE_UT_TESTS_SUPPORT = n
TCORE_PROFILING_SUPPORT = n
TCORE_PROFILING_AUTO_DUMP = n
TCORE_MEMORY_LEAK_DETECTION_SUPPORT = n
mali MTK evironment, building r36p0 DDK
mtk-Kbuild CONFIG_MALI_PLATFORM_THIRDPARTY := y
mtk-Kbuild CONFIG_MALI_PLATFORM_THIRDPARTY_NAME := "mt6785"
*GPU defined GPU BM QoS 2.0
  LDS     scripts/module-lto.lds
  HOSTCC  scripts/kallsyms
  HOSTCC  scripts/pnmtologo
  HOSTCC  scripts/conmakehash
  HOSTCC  scripts/sortextable
  HOSTCC  scripts/asn1_compiler
  HOSTCC  scripts/extract-cert
  HOSTCC  scripts/genksyms/genksyms.o
  SHIPPED scripts/genksyms/parse.tab.c
  HOSTCC  scripts/dtc/dtc.o
  SHIPPED scripts/genksyms/lex.lex.c
  HOSTCC  scripts/dtc/flattree.o
  HOSTCC  scripts/dtc/fstree.o
  SHIPPED scripts/genksyms/parse.tab.h
  HOSTCC  scripts/dtc/data.o
  HOSTCC  scripts/dtc/livetree.o
  HOSTCC  scripts/dtc/treesource.o
  HOSTCC  scripts/dtc/srcpos.o
  HOSTCC  scripts/dtc/checks.o
  HOSTCC  scripts/genksyms/parse.tab.o
  HOSTCC  scripts/genksyms/lex.lex.o
  SHIPPED scripts/dtc/dtc-lexer.lex.c
  SHIPPED scripts/dtc/dtc-parser.tab.h
  CC      scripts/mod/empty.o
  SHIPPED scripts/dtc/dtc-parser.tab.c
  HOSTCC  scripts/mod/mk_elfconfig
  HOSTCC  scripts/dtc/util.o
  HOSTCC  scripts/dtc/dtc-parser.tab.o
  CC      scripts/mod/devicetable-offsets.s
  HOSTCC  scripts/dtc/dtc-lexer.lex.o
  HOSTCC  scripts/selinux/genheaders/genheaders
  HOSTCC  scripts/selinux/mdp/mdp
  CHK     scripts/mod/devicetable-offsets.h
  MKELF   scripts/mod/elfconfig.h
  UPD     scripts/mod/devicetable-offsets.h
  HOSTCC  scripts/mod/modpost.o
  CHK     include/generated/timeconst.h
  CC      kernel/bounds.s
  UPD     include/generated/timeconst.h
  HOSTCC  scripts/mod/sumversion.o
  HOSTCC  scripts/mod/file2alias.o
  CHK     include/generated/bounds.h
  UPD     include/generated/bounds.h
  CC      arch/arm64/kernel/asm-offsets.s
  HOSTLD  scripts/dtc/dtc
  HOSTLD  scripts/genksyms/genksyms
  CHK     include/generated/asm-offsets.h
  UPD     include/generated/asm-offsets.h
  CALL    ../scripts/checksyscalls.sh
  LDS     arch/arm64/kernel/vdso/vdso.lds
  VDSOC   arch/arm64/kernel/vdso/vgettimeofday.o
  VDSOA   arch/arm64/kernel/vdso/note.o
  VDSOA   arch/arm64/kernel/vdso/sigreturn.o
  HOSTLD  scripts/mod/modpost
  LD      arch/arm64/kernel/vdso/vdso.so.dbg
  VDSOSYM include/generated/vdso-offsets.h
  LDS     arch/arm64/kernel/vdso32/vdso.lds
  VDSOC32   arch/arm64/kernel/vdso32/vgettimeofday.o
  VDSOA32   arch/arm64/kernel/vdso32/sigreturn.o
  HOSTCC  arch/arm64/kernel/vdso32/../../../arm/vdso/vdsomunge
  VDSOL32   arch/arm64/kernel/vdso32/vdso.so.raw
  MUNGE   arch/arm64/kernel/vdso32/vdso.so.dbg
  VDSOSYM include/generated/vdso32-offsets.h
  CHK     include/generated/compile.h
  CC      init/main.o
  CC      init/do_mounts.o
  HOSTCC  usr/gen_init_cpio
  CC      init/do_mounts_rd.o
  CC      init/do_mounts_initrd.o
  CC      init/noinitramfs.o
  CC      init/initramfs.o
  CC      init/calibrate.o
  CC      init/init_task.o
  UPD     include/generated/compile.h
  CC      init/version.o
  CC      arch/arm64/mm/dma-mapping.o
  CC      arch/arm64/mm/fault.o
  CC      arch/arm64/mm/extable.o
  CC      arch/arm64/mm/init.o
  AS      arch/arm64/mm/cache.o
  CC      arch/arm64/mm/copypage.o
  CC      arch/arm64/net/bpf_jit_comp.o
  CC      arch/arm64/mm/flush.o
  CC      arch/arm64/kernel/debug-monitors.o
  AS      arch/arm64/kernel/entry.o
  CC      arch/arm64/mm/ioremap.o
  CC      arch/arm64/kernel/irq.o
  CC      arch/arm64/mm/mmap.o
  CC      arch/arm64/kernel/fpsimd.o
  AS      arch/arm64/kernel/entry-fpsimd.o
  CC      arch/arm64/mm/pgd.o
  CC      arch/arm64/kernel/process.o
  CC      arch/arm64/kernel/ptrace.o
  CC      arch/arm64/mm/mmu.o
  CC      arch/arm64/kernel/setup.o
  CC      arch/arm64/kernel/signal.o
  CC      arch/arm64/mm/context.o
  AS      arch/arm64/mm/proc.o
  CC      arch/arm64/kernel/sys.o
  CC      arch/arm64/mm/pageattr.o
  AS      arch/arm64/mm/cache-mtk-v8.o
  CC      arch/arm64/kernel/stacktrace.o
  CC      arch/arm64/kernel/time.o
  CC      arch/arm64/kernel/traps.o
  CC      arch/arm64/kernel/io.o
  CC      arch/arm64/kernel/vdso.o
  AS      arch/arm64/kernel/hyp-stub.o
  CC      arch/arm64/kernel/psci.o
  CC      certs/system_keyring.o
  EXTRACT_CERTS   
  AS      certs/system_certificates.o
  CC      arch/arm64/kernel/cpu_ops.o
  CC      arch/arm64/crypto/sha2-ce-glue.o
  CC      arch/arm64/kernel/insn.o
  AS      arch/arm64/crypto/sha2-ce-core.o
  CC      arch/arm64/kernel/return_address.o
  CC      arch/arm64/kernel/cpuinfo.o
  AS      arch/arm64/crypto/aes-ce-core.o
  CC      arch/arm64/kernel/cpu_errata.o
  CC      arch/arm64/kernel/cpufeature.o
  CC      arch/arm64/crypto/aes-ce-glue.o
  CC      arch/arm64/crypto/aes-glue-ce.o
  CC      arch/arm64/kernel/alternative.o
  AS      arch/arm64/crypto/aes-ce.o
  CC      arch/arm64/kernel/cacheinfo.o
  CC      arch/arm64/crypto/sha256-glue.o
  SHIPPED arch/arm64/crypto/sha256-core.S
  CC      arch/arm64/kernel/smp.o
  AS      arch/arm64/crypto/aes-cipher-core.o
  CC      arch/arm64/crypto/aes-cipher-glue.o
  CC      arch/arm64/kernel/smp_spin_table.o
  CC      arch/arm64/kernel/topology.o
  AS      arch/arm64/crypto/sha256-core.o
  GEN     usr/initramfs_data.cpio
  AS      arch/arm64/kernel/smccc-call.o
  CC      arch/arm64/kernel/signal32.o
  CC      arch/arm64/kernel/sys32.o
  CC      arch/arm64/kernel/sys_compat.o
  AS      arch/arm64/kernel/entry32.o
  AS      arch/arm64/kernel/kuser32.o
  CC      arch/arm64/kernel/arm64ksyms.o
  CC      arch/arm64/kernel/module.o
  CC      arch/arm64/kernel/module-plts.o
  CC      arch/arm64/kernel/perf_regs.o
  CC      arch/arm64/kernel/perf_callchain.o
  CC      arch/arm64/kernel/perf_event.o
  CC      arch/arm64/kernel/hw_breakpoint.o
  AS      arch/arm64/kernel/sleep.o
  CC      arch/arm64/kernel/suspend.o
  CC      ipc/compat.o
  CC      arch/arm64/kernel/cpuidle.o
  CC      ipc/util.o
  CC      arch/arm64/kernel/armv8_deprecated.o
  CC      ipc/msgutil.o
  CC      arch/arm64/kernel/kaslr.o
  AS      usr/initramfs_data.o
  CC      ipc/msg.o
  CC      arch/arm64/kernel/ssbd.o
  CC      ipc/sem.o
  CC      ipc/shm.o
  AS      arch/arm64/kernel/head.o
  LDS     arch/arm64/kernel/vmlinux.lds
  CC      security/commoncap.o
  CC      ipc/syscall.o
  CC      security/min_addr.o
  CC      ipc/ipc_sysctl.o
  CC      ipc/namespace.o
  CC      security/security.o
  CC      security/integrity/iint.o
  CC      arch/arm64/kernel/probes/uprobes.o
  CC      arch/arm64/kernel/probes/decode-insn.o
  AR      usr/built-in.o
  CC      arch/arm64/kernel/probes/simulate-insn.o
  CC      security/keys/gc.o
  OBJCOPY arch/arm64/kernel/vdso/vdso.so
  CC      security/keys/key.o
  CC      security/keys/keyring.o
  AS      arch/arm64/kernel/vdso/vdso.o
  CC      security/keys/keyctl.o
  CC      security/keys/permission.o
  CC      security/keys/process_keys.o
  CC      security/keys/request_key.o
  CC      security/keys/request_key_auth.o
  CC      security/keys/user_defined.o
  CC      security/keys/compat.o
  CC      security/keys/proc.o
  GEN     security/selinux/flask.h security/selinux/av_permissions.h
  CC      security/keys/sysctl.o
  AR      arch/arm64/crypto/aes-ce-cipher.o
  CC      kernel/fork.o
  CC      security/selinux/avc.o
  CC      security/selinux/hooks.o
  CC      kernel/exec_domain.o
  CC      security/selinux/selinuxfs.o
  AR      firmware/built-in.o
  CC      kernel/panic.o
  CC      kernel/cpu.o
  CC      security/selinux/netlink.o
  CC      security/selinux/nlmsgtab.o
  CC      kernel/exit.o
  CC      kernel/softirq.o
  CC      security/selinux/netif.o
  CC      kernel/resource.o
  AR      arch/arm64/kernel/vdso/built-in.o
  CC      security/selinux/netnode.o
  CC      security/selinux/netport.o
  CC      kernel/sysctl.o
  CC      security/selinux/ibpkey.o
  CC      kernel/sysctl_binary.o
  CC      security/selinux/exports.o
  CC      kernel/capability.o
  CC      security/selinux/ss/ebitmap.o
  CC      security/selinux/ss/hashtab.o
  AR      certs/built-in.o
  CC      kernel/ptrace.o
  CC      kernel/user.o
  CC      kernel/signal.o
  CC      security/selinux/ss/symtab.o
  CC      kernel/sys.o
  CC      security/selinux/ss/sidtab.o
  CC      security/selinux/ss/avtab.o
  CC      kernel/umh.o
  CC      security/selinux/ss/policydb.o
  CC      security/selinux/ss/services.o
  CC      kernel/workqueue.o
  CC      kernel/pid.o
  CC      security/selinux/ss/conditional.o
  CC      kernel/task_work.o
  CC      security/selinux/ss/mls.o
  CC      security/selinux/ss/status.o
  CC      block/bio.o
  CC      kernel/extable.o
  CC      sound/sound_core.o
  CC      kernel/params.o
  CC      block/elevator.o
  CC      block/blk-core.o
  CC      mm/filemap.o
  CC      kernel/kthread.o
  CC      block/blk-tag.o
  CC      kernel/sys_ni.o
  CC      mm/mempool.o
  CC      block/blk-sysfs.o
  CC      kernel/nsproxy.o
  CC      block/blk-flush.o
  AS      arch/arm64/lib/crc32.o
  CC      mm/oom_kill.o
  CC      kernel/notifier.o
  CC      mm/maccess.o
  CC      block/blk-settings.o
  CC      mm/page_alloc.o
  CC      mm/page-writeback.o
  CC      kernel/ksysfs.o
  AS      arch/arm64/lib/bitops.o
  CC      block/blk-ioc.o
  CC      kernel/cred.o
  AS      arch/arm64/lib/clear_page.o
  CC      fs/open.o
  CC      block/blk-map.o
  CC      fs/read_write.o
  AS      arch/arm64/lib/clear_user.o
  CC      kernel/reboot.o
  CC      kernel/async.o
  CC      fs/file_table.o
  CC      fs/super.o
  AR      sound/arm/built-in.o
  CC      fs/char_dev.o
  CC      mm/util.o
  CC      block/blk-exec.o
  CC      mm/mmzone.o
  CC      mm/vmscan.o
  CC      block/blk-merge.o
  CC      mm/swap.o
  CC      mm/readahead.o
  CC      mm/vmstat.o
  CC      mm/truncate.o
  CC      block/blk-timeout.o
  CC      mm/shmem.o
  CC      kernel/range.o
  AS      arch/arm64/lib/copy_from_user.o
  CC      mm/backing-dev.o
  CC      fs/stat.o
  CC      block/blk-softirq.o
  CC      mm/mm_init.o
  AR      sound/atmel/built-in.o
  AS      arch/arm64/lib/copy_in_user.o
  CC      mm/mmu_context.o
  CC      mm/slab_common.o
  CC      fs/pipe.o
  CC      mm/compaction.o
  CC      fs/exec.o
  CC      block/blk-lib.o
  CC      kernel/ucount.o
  CC      block/blk-stat.o
  CC      block/blk-mq.o
  CC      kernel/kmod.o
  CC      kernel/groups.o
  CC      kernel/smpboot.o
  CC      mm/percpu.o
  CC      mm/vmacache.o
  AS      arch/arm64/lib/copy_page.o
  AS      arch/arm64/lib/copy_to_user.o
  CC      fs/namei.o
  CC      kernel/panic_flush.o
  CC      block/blk-mq-tag.o
  CC      fs/fcntl.o
  CC      block/blk-mq-sysfs.o
  CC      mm/swap_slots.o
  CC      arch/arm64/lib/csum.o
  CC      block/blk-mq-cpumap.o
  CC      mm/interval_tree.o
  CC      fs/ioctl.o
  CC      sound/last.o
  CC      block/partition-generic.o
  CC      fs/select.o
  CC      arch/arm64/lib/delay.o
  CC      mm/workingset.o
  CC      fs/dcache.o
  CC      mm/mincore.o
  CC      block/ioprio.o
  CC      block/ioctl.o
  CC      block/badblocks.o
  CC      mm/memory.o
  AS      arch/arm64/lib/memcmp.o
  CC      mm/mlock.o
  CC      fs/attr.o
  AS      arch/arm64/lib/memcpy.o
  AR      sound/hda/built-in.o
  AS      arch/arm64/lib/memset.o
  CC      block/blk-mq-sched.o
  AR      sound/firewire/built-in.o
  AS      arch/arm64/lib/memchr.o
  CC      mm/debug.o
  CC      fs/readdir.o
  CC      fs/inode.o
  AS      arch/arm64/lib/strchr.o
  CC      mm/list_lru.o
  CC      mm/mmap.o
  CC      mm/gup.o
  CC      block/genhd.o
  AS      arch/arm64/lib/strcmp.o
  CC      mm/mprotect.o
  CC      fs/bad_inode.o
  AS      arch/arm64/lib/strlen.o
  CC      mm/mremap.o
  CC      mm/msync.o
  AS      arch/arm64/lib/strncmp.o
  CC      net/socket.o
  CC      fs/file.o
  CC      fs/filesystems.o
  CC      fs/namespace.o
  AS      arch/arm64/lib/strnlen.o
  CC      mm/page_vma_mapped.o
  CC      fs/seq_file.o
  CC      block/scsi_ioctl.o
  AS      arch/arm64/lib/strrchr.o
  CC      mm/pagewalk.o
  CC      block/noop-iosched.o
  CC      mm/pgtable-generic.o
  CC      fs/xattr.o
  CC      fs/libfs.o
  CC      mm/rmap.o
  CC      fs/fs-writeback.o
  CC      block/deadline-iosched.o
  AR      sound/spi/built-in.o
  AR      sound/sparc/built-in.o
  AR      sound/parisc/built-in.o
  CC      mm/process_vm_access.o
  CC      block/cfq-iosched.o
  CC      fs/splice.o
  CC      mm/vmpressure.o
  AR      sound/sh/built-in.o
  CC      block/mq-deadline.o
  CC      kernel/freezer.o
  CC      mm/vmalloc.o
  CC      fs/pnode.o
  AR      sound/mips/built-in.o
  CC      mm/init-mm.o
  CC      block/kyber-iosched.o
  CC      kernel/profile.o
  CC      fs/sync.o
  CC      mm/nobootmem.o
  AR      sound/ppc/built-in.o
  AR      kernel/livepatch/built-in.o
  CC      block/compat_ioctl.o
  CC      kernel/stacktrace.o
  CC      fs/utimes.o
  AR      sound/x86/built-in.o
  CC      block/blk-mq-virtio.o
  CC      mm/fadvise.o
  CC      kernel/futex.o
  CC      kernel/keventupload/oplus_kevent_upload.o
  CC      block/keyslot-manager.o
  CC      fs/stack.o
  CC      block/oppo_foreground_io_opt/oppo_high_prio_task.o
  CC      kernel/smp.o
  CC      mm/madvise.o
  CC      fs/fs_struct.o
  CC      mm/memblock.o
  CC      block/bio-crypt-ctx.o
  AR      security/integrity/integrity.o
  AR      sound/i2c/other/built-in.o
  CC      block/partitions/check.o
  CC      kernel/uid16.o
  CC      block/oppo_foreground_io_opt/oppo_foreground_io_opt.o
  CC      block/partitions/msdos.o
  CC      block/partitions/efi.o
  CC      fs/statfs.o
  AR      sound/drivers/mpu401/built-in.o
  CC      mm/page_io.o
  CC      kernel/module.o
  CC      kernel/special_opt/special_opt.o
  CC      block/blk-crypto.o
  CC      kernel/cgroup/cgroup.o
  CC      mm/swap_state.o
  CC      kernel/printk/printk.o
  CC      fs/fs_pin.o
  CC      kernel/kallsyms.o
  CC      block/blk-crypto-fallback.o
  CC      kernel/events/core.o
  CC      kernel/events/ring_buffer.o
  CC      kernel/locking/mutex.o
  CC      kernel/cgroup/namespace.o
  AR      sound/i2c/built-in.o
  CC      mm/swapfile.o
  CC      kernel/printk/printk_safe.o
  CC      kernel/compat.o
  AR      sound/drivers/opl3/built-in.o
  AR      arch/arm64/crypto/sha2-ce.o
  CC      kernel/locking/semaphore.o
  CC      kernel/cgroup/cgroup-v1.o
  CC      fs/nsfs.o
  AR      sound/pcmcia/pdaudiocf/built-in.o
  CC      kernel/utsname.o
  CC      mm/dmapool.o
  CC      kernel/events/callchain.o
  CC      fs/buffer.o
  CC      kernel/locking/rwsem.o
  AR      sound/drivers/pcsp/built-in.o
  CC      net/bpf/test_run.o
  CC      kernel/events/hw_breakpoint.o
  AR      sound/drivers/vx/built-in.o
  CC      kernel/user_namespace.o
  CC      kernel/cgroup/freezer.o
  CC      mm/sparse.o
  AR      sound/pcmcia/vx/built-in.o
  CC      kernel/cgroup/cpuset.o
  CC      kernel/events/uprobes.o
  CC      net/802/p8022.o
  CC      kernel/locking/percpu-rwsem.o
  CC      kernel/rcu/update.o
  CC      net/8021q/vlan_core.o
  CC      kernel/pid_namespace.o
  CC      mm/sparse-vmemmap.o
  CC      fs/block_dev.o
  CC      kernel/power/qos.o
  CC      net/802/psnap.o
  AR      sound/drivers/opl4/built-in.o
  CC      kernel/locking/spinlock.o
  CC      mm/uksm.o
  GZIP    kernel/config_data.gz
  CC      net/ethernet/eth.o
  CC      net/8021q/vlan.o
  CC      kernel/rcu/sync.o
  CC      net/8021q/vlan_dev.o
  CC      net/802/stp.o
  CC      kernel/stop_machine.o
  CC      kernel/power/main.o
  CC      mm/slub.o
  CC      fs/direct-io.o
  CC      kernel/rcu/srcutree.o
  AR      sound/drivers/built-in.o
  CC      kernel/power/console.o
  CC      kernel/seccomp.o
  AR      arch/arm64/crypto/aes-arm64.o
  AR      sound/synth/emux/built-in.o
  AR      sound/pcmcia/built-in.o
  CC      fs/mpage.o
  CC      kernel/uifirst/uifirst_sched_common.o
  CC      kernel/rcu/tree.o
  CC      kernel/utsname_sysctl.o
  CC      kernel/power/process.o
  CC      mm/migrate.o
  CC      kernel/locking/osq_lock.o
  CC      net/8021q/vlan_netlink.o
  AR      virt/lib/built-in.o
  CC      fs/proc_namespace.o
  CC      mm/page_counter.o
  CC      kernel/power/suspend.o
  CC      kernel/taskstats.o
  CC      kernel/locking/rtmutex.o
  CC      net/8021q/vlanproc.o
  CC      kernel/uifirst/uifirst_sched_mutex.o
  CC      kernel/rcu/rcu_segcblist.o
  CC      mm/memcontrol.o
  CC      kernel/power/wakelock.o
  CC      kernel/uifirst/uifirst_sched_rwsem.o
  CC      kernel/locking/rwsem-xadd.o
  AR      sound/synth/built-in.o
  CC      kernel/tsacct.o
  AR      security/integrity/built-in.o
  AR      virt/built-in.o
  CC      mm/swap_cgroup.o
  CC      drivers/amba/bus.o
  CC      mm/page_isolation.o
  CC      drivers/android/binder.o
  CC      kernel/power/poweroff.o
  CC      net/key/af_key.o
  CC      net/llc/llc_core.o
  CC      kernel/power/wakeup_reason.o
  CC      kernel/uifirst/uifirst_sched_futex.o
  CC      net/llc/llc_input.o
  CC      kernel/tracepoint.o
  CC      mm/zsmalloc.o
  CC      kernel/uifirst/uifirst_sched_workqueue.o
  CC      net/llc/llc_output.o
  CC      drivers/android/binder_alloc.o
  AR      drivers/auxdisplay/built-in.o
  AR      sound/isa/msnd/built-in.o
  CC      mm/early_ioremap.o
  CC      kernel/irq_work.o
  AR      sound/isa/ad1816a/built-in.o
  AR      sound/isa/ad1848/built-in.o
  AR      drivers/cdrom/built-in.o
  CC      kernel/irq/irqdesc.o
  AR      sound/isa/galaxy/built-in.o
  AR      sound/isa/sb/built-in.o
  CC      kernel/cpu_pm.o
  CC      mm/cma.o
  CC      drivers/bluetooth/hci_vhci.o
  CC      net/l2tp/l2tp_core.o
  AR      drivers/char/ipmi/built-in.o
  CC      net/compat.o
  AR      sound/isa/gus/built-in.o
  CC      mm/frame_vector.o
  CC      net/l2tp/l2tp_ppp.o
  CC      sound/usb/card.o
  CC      kernel/irq/handle.o
  CC      kernel/memremap.o
  CC      net/sysctl_net.o
  AR      drivers/bus/built-in.o
  CC      mm/usercopy.o
  CC      sound/usb/clock.o
  CC      kernel/irq/manage.o
  CC      net/oplus_dhcp/oplus_dhcp.o
  CC      sound/usb/endpoint.o
  AR      sound/isa/cs423x/built-in.o
ipc/.tmp_syscall.o  CC      mm/process_mm_reclaim.o
  CC      kernel/irq/spurious.o
  CC      net/oplus_nwpower/oplus_nwpower.o
  CC      net/oplus_nf_hooks/oplus_nf_hooks.o
  CC      net/oplus_kernel2user/oplus_kernel2user.o
  CC      net/oplus_apps_monitor/oplus_apps_monitor.o
  CC      sound/usb/format.o
  CC      mm/multi_freearea.o
  CC      net/netlink/af_netlink.o
  CC      kernel/irq/resend.o
  AR      sound/isa/wss/built-in.o
  CC      net/oplus_apps_monitor/oplus_apps_power_monitor.o
  AR      sound/isa/opti9xx/built-in.o
  CC      sound/usb/helper.o
: no symbols
  CC      kernel/trace/trace_clock.o
  CC      drivers/block/brd.o
  CC      mm/resmap_account.o
  CC      net/netlink/genetlink.o
  CC      sound/usb/mixer.o
  AR      sound/isa/es1688/built-in.o
  CC      kernel/trace/ring_buffer.o
  CC      kernel/irq/chip.o
  CC      drivers/block/loop.o
  AR      sound/isa/wavefront/built-in.o
  AR      fs/exofs/built-in.o
  CC      mm/vm_anti_fragment.o
  CC      kernel/trace/trace.o
  CC      crypto/api.o
  CC      sound/usb/mixer_quirks.o
  CC      net/oplus_sla/oplus_sla.o
  CC      net/packet/af_packet.o
  CC      crypto/cipher.o
  CC      kernel/irq/dummychip.o
  CC      sound/core/sound.o
  CC      sound/usb/mixer_scarlett.o
  CC      kernel/trace/trace_output.o
  CC      net/bluetooth/af_bluetooth.o
  CHK     kernel/config_data.h
  CC      sound/core/init.o
  CC      fs/exportfs/expfs.o
  CC      kernel/trace/trace_seq.o
  CC      kernel/irq/devres.o
  CC      sound/core/memory.o
  CC      kernel/time/time.o
  CC      kernel/irq/autoprobe.o
  CC      crypto/compress.o
  CC      crypto/memneq.o
  CC      kernel/trace/trace_stat.o
  CC      sound/usb/mixer_us16x08.o
kernel/uifirst/.tmp_uifirst_sched_workqueue.o  CC      net/bridge/br.o
:   AR      drivers/crypto/built-in.o
no symbols
  CC      kernel/time/timer.o
  CC      kernel/time/hrtimer.o
  AR      sound/isa/built-in.o
  CC      net/bluetooth/hci_core.o
  CC      sound/core/control.o
  CC      sound/usb/pcm.o
  CC      net/bridge/br_device.o
  CC      fs/devpts/inode.o
  CC      kernel/time/timekeeping.o
  CC      net/unix/af_unix.o
  CC      sound/core/misc.o
  CC      net/bluetooth/hci_conn.o
  CC      kernel/irq/irqdomain.o
  CC      kernel/trace/trace_sched_switch.o
  CC      crypto/crypto_wq.o
  CC      sound/usb/proc.o
  CC      net/unix/garbage.o
  CC      kernel/time/ntp.o
  CC      drivers/clocksource/timer-of.o
  CC      sound/usb/quirks.o
  CC      drivers/clocksource/timer-probe.o
  CC      sound/usb/stream.o
  CC      sound/usb/midi.o
  CC      kernel/time/timer_list.o
  CC      kernel/time/jiffies.o
  CC      kernel/time/timeconv.o
  CC      kernel/time/timecounter.o
  CC      net/bridge/br_fdb.o
  CC      kernel/trace/trace_printk.o
  CC      net/bridge/br_forward.o
  CC      kernel/time/alarmtimer.o
  AR      sound/pci/asihpi/built-in.o
  CC      net/bridge/br_if.o
  CC      kernel/time/posix-timers.o
  CC      sound/core/device.o
  CC      kernel/irq/proc.o
  CC      kernel/irq/cpuhotplug.o
  AR      sound/pci/cs5535audio/built-in.o
  CC      kernel/irq/pm.o
  CC      kernel/time/posix-cpu-timers.o
  CC      kernel/irq/affinity.o
  AR      sound/pci/au88x0/built-in.o
  AR      sound/pci/ac97/built-in.o
  CC      kernel/time/posix-clock.o
  AR      arch/arm64/kernel/probes/built-in.o
  AR      sound/pci/cs46xx/built-in.o
  CC      kernel/time/itimer.o
  CC      kernel/time/clockevents.o
  CC      kernel/time/tick-common.o
  CC      fs/configfs/inode.o
  CC      kernel/time/tick-broadcast.o
  CC      drivers/block/zram/zcomp.o
  CC      fs/configfs/dir.o
  AR      sound/usb/caiaq/built-in.o
  CC      fs/configfs/file.o
  CC      kernel/time/tick-broadcast-hrtimer.o
  CC      drivers/block/zram/zram_drv.o
  CC      fs/configfs/symlink.o
  CC      kernel/time/sched_clock.o
  CC      kernel/time/tick-oneshot.o
  AR      sound/usb/bcd2000/built-in.o
  CC      fs/configfs/mount.o
  AR      sound/pci/ice1712/built-in.o
  CC      net/xfrm/xfrm_policy.o
  CC      net/xfrm/xfrm_state.o
  CC      kernel/time/tick-sched.o
  CC      sound/core/info.o
  CC      kernel/trace/trace_nop.o
  CC      drivers/char/mem.o
  UPD     kernel/config_data.h
  CC      fs/fat/cache.o
  CC      net/xfrm/xfrm_output.o
  AR      sound/pci/ca0106/built-in.o
  AR      sound/pci/emu10k1/built-in.o
  CC      drivers/clocksource/mmio.o
  CC      drivers/extcon/extcon.o
  CC      net/bridge/br_input.o
  CC      net/bridge/br_ioctl.o
  CC      net/unix/scm.o
  CC      mm/oppo_healthinfo/memory_monitor.o
  CC      drivers/extcon/devres.o
  AR      sound/pci/ali5451/built-in.o
  CC      drivers/cpuidle/cpuidle.o
  CC      drivers/cpuidle/driver.o
  CC      drivers/cpuidle/governor.o
  DTC     arch/arm64/boot/dts/mediatek/mt6785.dtb
  CC      drivers/clocksource/mtk_apxgpt.o
  CC      drivers/cpuidle/sysfs.o
  CC      net/unix/sysctl_net_unix.o
  AR      sound/pci/ctxfi/built-in.o
  CC      fs/fat/fatent.o
  CC      fs/fat/dir.o
  CC      fs/fat/inode.o
  CC      fs/fat/file.o
  CC      net/xfrm/xfrm_input.o
  AR      drivers/firewire/built-in.o
  CC      fs/fat/nfs.o
  CC      kernel/time/clocksource.o
  CC      drivers/clocksource/mtk_systimer.o
  CC      sound/core/jack.o
  CC      net/xfrm/xfrm_hash.o
  CC      fs/configfs/item.o
  CC      net/bridge/br_stp.o
  CC      crypto/algapi.o
  CC      sound/core/ctljack.o
  CC      drivers/clocksource/arm_arch_timer.o
  AR      sound/pci/hda/built-in.o
  CC      net/xfrm/xfrm_device.o
  CC      kernel/time/timer_list_aee.o
  CC      net/bluetooth/hci_sock.o
  CC      drivers/devfreq/governor_simpleondemand.o
  CC      kernel/configs.o
  CC      fs/fat/misc.o
  CC      sound/core/hwdep.o
  CC      net/bluetooth/mgmt.o
  CC      drivers/devfreq/devfreq.o
  CC      net/xfrm/xfrm_replay.o
  DTC     arch/arm64/boot/dts/mediatek/oppo6785_20682.dtbo
  CC      kernel/trace/blktrace.o
  CC      kernel/sched/core.o
  DTC     arch/arm64/boot/dts/mediatek/oppo6785_20684.dtbo
  CC      net/xfrm/xfrm_sysctl.o
  CC      drivers/clocksource/dummy_timer.o
  CC      sound/core/timer.o
  CC      sound/core/pcm_native.o
  CC      drivers/char/random.o
  CC      drivers/char/misc.o
  CC      net/bluetooth/hci_event.o
  CC      fs/fat/namei_msdos.o
  CC      fs/eventpoll.o
  AR      sound/usb/misc/built-in.o
  CC      net/bridge/br_stp_bpdu.o
  CC      kernel/sched/cputime.o
  CC      net/bridge/br_stp_timer.o
  CC      fs/quota/dquot.o
  CC      fs/pstore/inode.o
  CC      drivers/gpio/devres.o
  AR      sound/usb/6fire/built-in.o
  CC      kernel/trace/trace_export.o
  CC      sound/core/hrtimer.o
  CC      sound/soc/soc-core.o
  CC      drivers/gpio/gpiolib-legacy.o
  CC      kernel/sched/clock.o
  CC      drivers/dax/super.o
  CC      drivers/gpio/gpiolib.o
  CC      drivers/cpuidle/cpuidle-mtk_acao.o
  CC      kernel/sched/loadavg.o
  CC      fs/fat/namei_vfat.o
  CC      crypto/blkcipher.o
  CC      net/xfrm/xfrm_proc.o
  CC      fs/isofs/dir.o
  CC      crypto/proc.o
  CC      crypto/aead.o
  CC      sound/soc/soc-jack.o
  CC      fs/isofs/namei.o
  CC      crypto/ablkcipher.o
  CC      drivers/gpio/gpiolib-devprop.o
  CC      crypto/scatterwalk.o
  CC      fs/isofs/inode.o
  CC      sound/core/pcm_lib.o
  DTC     arch/arm64/boot/dts/mediatek/oppo6785_19661.dtbo
  CC      fs/signalfd.o
  CC      drivers/dma/dmaengine.o
  CC      fs/pstore/pmsg.o
  CC      fs/eventfd.o
  CC      fs/aio.o
  CC      fs/anon_inodes.o
  CC      kernel/trace/trace_event_perf.o
  CC      kernel/trace/trace_events_filter.o
  CC      net/bridge/br_netlink_tunnel.o
  CC      sound/soc/soc-utils.o
  CC      kernel/trace/trace_events_trigger.o
  CC      net/bridge/br_sysfs_if.o
  CC      fs/pstore/ram_core.o
  CC      sound/core/pcm_memory.o
  CC      sound/core/pcm_misc.o
  CC      drivers/dma/of-dma.o
  CC      drivers/dma/8250_mtk_dma.o
  CC      drivers/dma/virt-dma.o
  CC      net/xfrm/xfrm_algo.o
  CC      drivers/gpio/gpiolib-of.o
  CC      sound/soc/soc-pcm.o
  CC      sound/soc/soc-cache.o
  CC      net/bridge/br_multicast.o
  CC      sound/core/pcm_timer.o
  CC      net/bridge/br_mdb.o
  CC      net/bridge/br_nf_core.o
  CC      sound/core/rawmidi.o
  CC      net/bridge/br_sysfs_br.o
  CC      net/xfrm/xfrm_interface.o
  CC      net/xfrm/xfrm_ipcomp.o
  CC      net/core/sock.o
  CC      net/bridge/br_stp_if.o
  CC      fs/pstore/ram.o
  CC      net/core/stream.o
  CC      net/core/request_sock.o
  CC      sound/core/seq_device.o
  CC      fs/nls/nls_iso8859-1.o
  CC      fs/crypto/hkdf.o
  CC      fs/nls/nls_cp950.o
  CC      fs/compat.o
  CC      net/core/scm.o
  CC      fs/nls/nls_base.o
  CC      sound/core/compress_offload.o
  CC      crypto/seqiv.o
  CC      crypto/ahash.o
  CC      fs/locks.o
  CC      net/core/datagram.o
  CC      net/core/skbuff.o
  CC      sound/soc/soc-dapm.o
  CC      fs/nls/nls_ascii.o
  CC      net/bluetooth/hci_sysfs.o
  CC      fs/crypto/crypto.o
  CC      crypto/skcipher.o
  CC      fs/nls/nls_cp437.o
  CC      fs/nls/nls_utf8.o
  CC      drivers/dma-buf/dma-fence.o
  CC      net/bluetooth/l2cap_core.o
  CC      drivers/dma-buf/dma-buf.o
  AR      sound/pci/aw2/built-in.o
  CC      sound/core/memalloc.o
  AR      drivers/gpu/vga/built-in.o
  CC      fs/crypto/fname.o
  CC      crypto/echainiv.o
  CC      crypto/kpp.o
  CC      drivers/dma-buf/sync_file.o
  CC      net/core/gen_estimator.o
  CC      fs/compat_ioctl.o
  CC      net/bridge/br_netfilter_hooks.o
  CC      net/core/gen_stats.o
  CC      crypto/shash.o
  CC      net/bridge/br_netlink.o
  CC      fs/timerfd.o
  CC      kernel/trace/bpf_trace.o
  CC      crypto/akcipher.o
  CC      kernel/sched/rt.o
  CC      drivers/dma-buf/dma-fence-array.o
  CC      net/bluetooth/lib.o
  CC      kernel/trace/trace_events.o
  CC      drivers/extcon/mediatek/boost_manager.o
  CC      kernel/sched/fair.o
  CC      net/bluetooth/l2cap_sock.o
  CC      fs/jbd2/commit.o
  CC      kernel/trace/rpm-traces.o
  CC      fs/jbd2/transaction.o
  CC      drivers/extcon/mediatek/usb-tcpc.o
  CC      fs/pstore/platform.o
  CC      sound/core/pcm.o
  CC      fs/jbd2/recovery.o
  CC      kernel/sched/deadline.o
  CC      drivers/extcon/mediatek/extcon_usb.o
  CC      net/xfrm/xfrm_user.o
  CC      fs/isofs/rock.o
  CC      net/bluetooth/smp.o
  CC      fs/quota/quota_v2.o
  AR      sound/pci/korg1212/built-in.o
  CC      fs/quota/quota_tree.o
  CC      fs/jbd2/checkpoint.o
  CC      fs/crypto/keyring.o
  CC      fs/osdcardfs/file.o
  CC      net/core/net_namespace.o
  AR      sound/pci/pcxhr/built-in.o
  CC      drivers/dma-buf/seqno-fence.o
  CC      fs/osdcardfs/dentry.o
  ASN.1   crypto/rsapubkey-asn1.c
  ASN.1   crypto/rsaprivkey-asn1.c
  CC      fs/crypto/hooks.o
  CC      net/bluetooth/ecdh_helper.o
  CC      kernel/sched/wait.o
  CC      net/core/dev.o
  CC      fs/quota/quota.o
  CC      fs/drop_caches.o
  CC      fs/posix_acl.o
  CC      fs/isofs/compress.o
  AR      drivers/idle/built-in.o
  AR      sound/pci/echoaudio/built-in.o
  CC      kernel/trace/trace_probe.o
  CC      fs/isofs/joliet.o
  AR      sound/pci/vx222/built-in.o
  CC      drivers/base/component.o
  CC      drivers/base/core.o
  CC      fs/isofs/util.o
  AR      sound/usb/usx2y/built-in.o
  AR      drivers/ptp/built-in.o
  CC      drivers/base/dd.o
  CC      drivers/base/bus.o
  CC      drivers/base/syscore.o
  CC      drivers/base/driver.o
  CC      drivers/base/class.o
  CC      net/bridge/br_netfilter_ipv6.o
  CC      fs/binfmt_elf.o
  CC      net/core/secure_seq.o
  CC      drivers/dma-buf/reservation.o
  CC      fs/jbd2/journal.o
  CC      fs/osdcardfs/main.o
  CC      fs/compat_binfmt_elf.o
  CC      fs/mbcache.o
  AR      drivers/hwtracing/intel_th/built-in.o
  CC      fs/coredump.o
  AR      sound/pci/lx6464es/built-in.o
  CC      net/bluetooth/hci_request.o
  CC      kernel/sched/wait_bit.o
  CC      fs/binfmt_script.o
  CC      kernel/sched/idle_task.o
  CC      fs/quota/kqid.o
  CC      net/core/sysctl_net_core.o
  CC      fs/kernfs/mount.o
  CC      fs/quota/netlink.o
  CC      fs/crypto/keysetup.o
  CC      net/core/flow_dissector.o
  CC      net/bluetooth/mgmt_util.o
  CC      sound/soc/soc-io.o
  CC      fs/osdcardfs/inode.o
  CC      kernel/trace/trace_uprobe.o
  CC      fs/crypto/policy.o
  CC      fs/osdcardfs/super.o
  CC      kernel/trace/power-traces.o
  CC      fs/osdcardfs/lookup.o
  CC      net/core/dev_addr_lists.o
  CC      fs/isofs/export.o
  CC      fs/kernfs/inode.o
  CC      fs/crypto/keysetup_v1.o
  CC      net/core/ethtool.o
  CC      fs/jbd2/revoke.o
  CC      drivers/extcon/mediatek/usb_dual_role.o
  CC      net/bluetooth/sco.o
  CC      kernel/sched/swait.o
  CC      net/bluetooth/a2mp.o
  CC      sound/soc/soc-devres.o
  CC      net/sched/sch_api.o
  CC      drivers/cpufreq/cpufreq.o
  CC      drivers/base/platform.o
  CC      kernel/sched/idle.o
  CC      net/sched/sch_generic.o
  CC      drivers/cpufreq/freq_table.o
  CC      drivers/cpufreq/cpufreq_stats.o
  CC      fs/crypto/bio.o
Killed
  CC      fs/osdcardfs/packagelist.o
  CC      fs/dcookies.o
  CC      fs/kernfs/dir.o
  CC      sound/soc/soc-compress.o
  CC      kernel/trace/mtk_trace.o
  CC      net/bluetooth/amp.o
  CC      fs/fuse/dev.o
  CC      net/core/dst.o
  CC      fs/osdcardfs/mmap.o
Killed
  CC      kernel/sched/completion.o
Killed
make[4]: *** [../scripts/Makefile.build:360: kernel/fork.o] Error 137
  CC      net/sched/sch_mq.o
  CC      fs/fuse/file.o
make[4]: *** Waiting for unfinished jobs....
Killed
  CC      crypto/scompress.o
  CC      drivers/cpufreq/cpufreq_times.o
  CC      fs/f2fs/dir.o
Killed
  CC      sound/soc/soc-ops.o
  CC      fs/f2fs/file.o
  CC      fs/f2fs/inode.o
  CC      drivers/base/cpu.o
  CC      crypto/rsa.o
  CC      crypto/rsa-pkcs1pad.o
Killed
  CC      fs/f2fs/namei.o
  AR      arch/arm64/crypto/aes-ce-blk.o
  CC      kernel/sched/cpupri.o
  CC      fs/fuse/dir.o
Killed
  CC      fs/f2fs/checkpoint.o
  CC      kernel/sched/topology.o
  CC      drivers/base/map.o
  CC      drivers/base/init.o
